<?xml version="1.0" encoding="UTF-8"?>
<!-- Generated by org.testng.reporters.JUnitReportReporter -->
<testsuite hostname="IC985v2-227" failures="0" tests="3" name="testScripts.ConfirmOrderTest" time="0.837" errors="0" timestamp="2023-01-24T02:39:35 EST" skipped="0">
  <testcase classname="testScripts.ConfirmOrderTest" name="addItemToCartTest" time="0.008"/>
  <system-out/>
  <testcase classname="testScripts.ConfirmOrderTest" name="searchItemTest" time="0.568"/>
  <system-out/>
  <testcase classname="testScripts.ConfirmOrderTest" name="checkOutTest" time="0.261"/>
  <system-out/>
</testsuite> <!-- testScripts.ConfirmOrderTest -->
